GROUP,PACKAGE,CLASS,INSTRUCTION_MISSED,INSTRUCTION_COVERED,BRANCH_MISSED,BRANCH_COVERED,LINE_MISSED,LINE_COVERED,COMPLEXITY_MISSED,COMPLEXITY_COVERED,METHOD_MISSED,METHOD_COVERED
estudoAlgoritmos,org.example.model,Tree,0,35,0,0,0,10,0,5,0,5
estudoAlgoritmos,org.example.model,Vertex,4,37,3,3,0,9,3,4,0,4
estudoAlgoritmos,org.example.model,Artista,85,12,14,0,20,5,15,2,8,2
estudoAlgoritmos,org.example.model,Graph,0,56,0,0,0,11,0,4,0,4
estudoAlgoritmos,org.example.model,Centro,4,42,3,3,0,10,3,5,0,5
estudoAlgoritmos,org.example.kmeans,Kmeans,12,354,7,31,3,64,8,30,1,18
estudoAlgoritmos,org.example.kmeans,DistanciaEuclidiana,0,44,2,4,0,9,2,3,0,2
estudoAlgoritmos,org.example,Sorting,0,343,0,42,0,63,0,29,0,8
estudoAlgoritmos,org.example,Searching,0,222,0,32,0,52,0,22,0,6
estudoAlgoritmos,org.example,PageRank,0,165,0,22,0,40,0,18,0,7
