<?xml version="1.0" encoding="UTF-8"?>
<testsuite xmlns:xsi="http://www.w3.org/2001/XMLSchema-instance" xsi:noNamespaceSchemaLocation="https://maven.apache.org/surefire/maven-surefire-plugin/xsd/surefire-test-report.xsd" name="org.example.SearchingTest" time="0.054" tests="6" errors="0" skipped="0" failures="0">
  <properties>
[...]
</properties>
  <testcase name="naoAchouBuscaBinaria" classname="org.example.SearchingTest" time="0.035"/>
  <testcase name="achouBuscaInterpolada" classname="org.example.SearchingTest" time="0"/>
  <testcase name="naoAchouBuscaInterpolada" classname="org.example.SearchingTest" time="0.001"/>
  <testcase name="naoAchouBuscaLinear" classname="org.example.SearchingTest" time="0.001"/>
  <testcase name="achouBuscaBinaria" classname="org.example.SearchingTest" time="0.001"/>
  <testcase name="achouBuscaLinear" classname="org.example.SearchingTest" time="0.001"/>
</testsuite>