<?xml version="1.0" encoding="UTF-8"?>
<testsuite xmlns:xsi="http://www.w3.org/2001/XMLSchema-instance" xsi:noNamespaceSchemaLocation="https://maven.apache.org/surefire/maven-surefire-plugin/xsd/surefire-test-report.xsd" name="org.example.SortingTest" time="0.057" tests="5" errors="0" skipped="0" failures="0">
  <properties>
[...]
</properties>
  <testcase name="ordenaUsandoShellSort" classname="org.example.SortingTest" time="0.035"/>
  <testcase name="ordenaUsandoSelection" classname="org.example.SortingTest" time="0.001"/>
  <testcase name="ordenaUsandoBubble" classname="org.example.SortingTest" time="0"/>
  <testcase name="ordenaUsandoSorting" classname="org.example.SortingTest" time="0.001"/>
  <testcase name="ordenaUsandoMerge" classname="org.example.SortingTest" time="0.001"/>
</testsuite>