<?xml version="1.0" encoding="UTF-8"?>
<testsuite xmlns:xsi="http://www.w3.org/2001/XMLSchema-instance" xsi:noNamespaceSchemaLocation="https://maven.apache.org/surefire/maven-surefire-plugin/xsd/surefire-test-report-3.0.xsd" version="3.0" name="org.example.SearchingTest" time="0.803" tests="10" errors="0" skipped="0" failures="0">
  <properties>
[...]
</properties>
  <testcase name="naoEncontrouNomeNoGraph" classname="org.example.SearchingTest" time="0.764"/>
  <testcase name="encontrouNomeNoGrapho" classname="org.example.SearchingTest" time="0.001"/>
  <testcase name="naoAchouInteiroNaArvore" classname="org.example.SearchingTest" time="0.018">
    <system-out><![CDATA[20:31:45.940 [main] INFO  org.example.Searching - Visitando o no com valor: 10
20:31:45.945 [main] INFO  org.example.Searching - Visitando o no com valor: 2
20:31:45.945 [main] INFO  org.example.Searching - Visitando o no com valor: 4
20:31:45.945 [main] INFO  org.example.Searching - Visitando o no com valor: 3
]]></system-out>
  </testcase>
  <testcase name="naoAchouBuscaBinaria" classname="org.example.SearchingTest" time="0.002"/>
  <testcase name="achouBuscaInterpolada" classname="org.example.SearchingTest" time="0.001"/>
  <testcase name="naoAchouBuscaInterpolada" classname="org.example.SearchingTest" time="0.002"/>
  <testcase name="naoAchouBuscaLinear" classname="org.example.SearchingTest" time="0.001"/>
  <testcase name="achouBuscaBinaria" classname="org.example.SearchingTest" time="0.001"/>
  <testcase name="achouBuscaLinear" classname="org.example.SearchingTest" time="0.001"/>
  <testcase name="achouInteiroNaArvore" classname="org.example.SearchingTest" time="0.001">
    <system-out><![CDATA[20:31:45.961 [main] INFO  org.example.Searching - Visitando o no com valor: 10
20:31:45.961 [main] INFO  org.example.Searching - Visitando o no com valor: 2
20:31:45.962 [main] INFO  org.example.Searching - Visitando o no com valor: 4
]]></system-out>
  </testcase>
</testsuite>